================================================================================
LOG DE EXECUÇÃO DE MISSÕES AUTOMÁTICAS
Data/Hora de Início: 30/06/2025 00:06:29
================================================================================

=== Execução de Missões Automáticas ===
1. Executar Missão de Construção
2. Executar Missão de Destruir Robô
3. Executar Todas as Missões
4. Listar Sensores das Missões
0. Voltar

Escolha uma opção: 
============================================================
EXECUTANDO MISSÕES DE CONSTRUÇÃO
============================================================

>>> Iniciando missão de construção com AC01
Status inicial do robô: Robo: AC01, Estado: LIGADO, Direção: Norte, Posição: (0, 0, 0)
✓ Missão de construção executada com sucesso!
Status final do robô: Robo: AC01, Estado: LIGADO, Direção: NORTE, Posição: (7, 2, 0)

================================================================================
Data/Hora de Finalização: 30/06/2025 00:06:38
================================================================================
