================================================================================
LOG DE EXECUÇÃO DE MISSÕES AUTOMÁTICAS
Data/Hora de Início: 29/06/2025 23:43:53
================================================================================

=== Execução de Missões Automáticas ===
1. Executar Missão de Construção
2. Executar Missão de Destruir Robô
3. Executar Todas as Missões
0. Voltar

Escolha uma opção: 
============================================================
EXECUTANDO TODAS AS MISSÕES AUTOMÁTICAS
============================================================

============================================================
EXECUTANDO MISSÕES DE CONSTRUÇÃO
============================================================

>>> Iniciando missão de construção com AC01
Status inicial do robô: Robo: AC01, Estado: LIGADO, Direção: Norte, Posição: (0, 0, 0)
✓ Missão de construção executada com sucesso!
Status final do robô: Robo: AC01, Estado: LIGADO, Direção: NORTE, Posição: (7, 2, 0)

============================================================
EXECUTANDO MISSÕES DE DESTRUIÇÃO
============================================================

>>> Iniciando missão de destruição com AS01
Status inicial do robô: RoboAssassino: AS01, Direção: Norte, Posição: (1, 1, 0), Alvo: RF01
✓ Missão de destruição executada com sucesso!
Status final do robô: RoboAssassino: AS01, Direção: NORTE, Posição: (3, 2, 0), Alvo: RF01

============================================================
EXECUÇÃO DE TODAS AS MISSÕES CONCLUÍDA
============================================================

================================================================================
Data/Hora de Finalização: 29/06/2025 23:44:08
================================================================================
